Build started 20.12.2014 2:22:19.
     1>Project "C:\AAAA1111\AAtimeUniver\сем2\laba1_10\laba1_10\laba1_10.vcxproj" on node 2 (Build target(s)).
     1>ClCompile:
         C:\Program Files (x86)\Microsoft Visual Studio 12.0\VC\bin\CL.exe /c /ZI /nologo /W3 /WX- /Od /Oy- /D WIN32 /D _DEBUG /D _CONSOLE /D _LIB /D _UNICODE /D UNICODE /Gm /EHsc /RTC1 /MDd /GS /fp:precise /Zc:wchar_t /Zc:forScope /Fo"Debug\\" /Fd"Debug\vc120.pdb" /Gd /TC /analyze- /errorReport:prompt laba1_10.c
         laba1_10.c
     1>c:\aaaa1111\aatimeuniver\сем2\laba1_10\laba1_10\laba1_10.c(3): warning C4067: unexpected tokens following preprocessor directive - expected a newline
     1>c:\aaaa1111\aatimeuniver\сем2\laba1_10\laba1_10\laba1_10.c(62): warning C4045: 'taxe' : array bounds overflow
     1>c:\aaaa1111\aatimeuniver\сем2\laba1_10\laba1_10\laba1_10.c(68): warning C4101: 'sample' : unreferenced local variable
     1>c:\aaaa1111\aatimeuniver\сем2\laba1_10\laba1_10\laba1_10.c(83): warning C4028: formal parameter 1 different from declaration
     1>c:\aaaa1111\aatimeuniver\сем2\laba1_10\laba1_10\laba1_10.c(90): warning C4996: 'strcpy': This function or variable may be unsafe. Consider using strcpy_s instead. To disable deprecation, use _CRT_SECURE_NO_WARNINGS. See online help for details.
                 c:\program files (x86)\microsoft visual studio 12.0\vc\include\string.h(112) : see declaration of 'strcpy'
     1>c:\aaaa1111\aatimeuniver\сем2\laba1_10\laba1_10\laba1_10.c(95): warning C4996: 'strcpy': This function or variable may be unsafe. Consider using strcpy_s instead. To disable deprecation, use _CRT_SECURE_NO_WARNINGS. See online help for details.
                 c:\program files (x86)\microsoft visual studio 12.0\vc\include\string.h(112) : see declaration of 'strcpy'
     1>c:\aaaa1111\aatimeuniver\сем2\laba1_10\laba1_10\laba1_10.c(101): warning C4996: 'strcpy': This function or variable may be unsafe. Consider using strcpy_s instead. To disable deprecation, use _CRT_SECURE_NO_WARNINGS. See online help for details.
                 c:\program files (x86)\microsoft visual studio 12.0\vc\include\string.h(112) : see declaration of 'strcpy'
     1>c:\aaaa1111\aatimeuniver\сем2\laba1_10\laba1_10\laba1_10.c(102): warning C4996: 'strcpy': This function or variable may be unsafe. Consider using strcpy_s instead. To disable deprecation, use _CRT_SECURE_NO_WARNINGS. See online help for details.
                 c:\program files (x86)\microsoft visual studio 12.0\vc\include\string.h(112) : see declaration of 'strcpy'
     1>c:\aaaa1111\aatimeuniver\сем2\laba1_10\laba1_10\laba1_10.c(159): warning C4013: 'atoi' undefined; assuming extern returning int
     1>c:\aaaa1111\aatimeuniver\сем2\laba1_10\laba1_10\laba1_10.c(223): warning C4996: 'strcpy': This function or variable may be unsafe. Consider using strcpy_s instead. To disable deprecation, use _CRT_SECURE_NO_WARNINGS. See online help for details.
                 c:\program files (x86)\microsoft visual studio 12.0\vc\include\string.h(112) : see declaration of 'strcpy'
     1>c:\aaaa1111\aatimeuniver\сем2\laba1_10\laba1_10\laba1_10.c(224): warning C4996: 'strcpy': This function or variable may be unsafe. Consider using strcpy_s instead. To disable deprecation, use _CRT_SECURE_NO_WARNINGS. See online help for details.
                 c:\program files (x86)\microsoft visual studio 12.0\vc\include\string.h(112) : see declaration of 'strcpy'
     1>c:\aaaa1111\aatimeuniver\сем2\laba1_10\laba1_10\laba1_10.c(225): warning C4996: 'strcpy': This function or variable may be unsafe. Consider using strcpy_s instead. To disable deprecation, use _CRT_SECURE_NO_WARNINGS. See online help for details.
                 c:\program files (x86)\microsoft visual studio 12.0\vc\include\string.h(112) : see declaration of 'strcpy'
     1>c:\aaaa1111\aatimeuniver\сем2\laba1_10\laba1_10\laba1_10.c(226): warning C4996: 'strcpy': This function or variable may be unsafe. Consider using strcpy_s instead. To disable deprecation, use _CRT_SECURE_NO_WARNINGS. See online help for details.
                 c:\program files (x86)\microsoft visual studio 12.0\vc\include\string.h(112) : see declaration of 'strcpy'
       Link:
         C:\Program Files (x86)\Microsoft Visual Studio 12.0\VC\bin\link.exe /ERRORREPORT:PROMPT /OUT:"C:\AAAA1111\AAtimeUniver\сем2\laba1_10\Debug\laba1_10.exe" /INCREMENTAL /NOLOGO kernel32.lib user32.lib gdi32.lib winspool.lib comdlg32.lib advapi32.lib shell32.lib ole32.lib oleaut32.lib uuid.lib odbc32.lib odbccp32.lib /MANIFEST /MANIFESTUAC:"level='asInvoker' uiAccess='false'" /manifest:embed /DEBUG /PDB:"C:\AAAA1111\AAtimeUniver\сем2\laba1_10\Debug\laba1_10.pdb" /SUBSYSTEM:CONSOLE /TLBID:1 /DYNAMICBASE /NXCOMPAT /IMPLIB:"C:\AAAA1111\AAtimeUniver\сем2\laba1_10\Debug\laba1_10.lib" /MACHINE:X86 Debug\laba1_10.obj
         laba1_10.vcxproj -> C:\AAAA1111\AAtimeUniver\сем2\laba1_10\Debug\laba1_10.exe
     1>Done Building Project "C:\AAAA1111\AAtimeUniver\сем2\laba1_10\laba1_10\laba1_10.vcxproj" (Build target(s)).

Build succeeded.

Time Elapsed 00:00:00.34
